<?xml version="1.0" encoding="UTF-8"?>
<testng-results skipped="1" failed="0" ignored="0" total="1" passed="0">
  <reporter-output>
  </reporter-output>
  <suite name="Default suite" duration-ms="126" started-at="2018-04-27T07:27:15Z" finished-at="2018-04-27T07:27:16Z">
    <groups>
    </groups>
    <test name="Default test" duration-ms="126" started-at="2018-04-27T07:27:15Z" finished-at="2018-04-27T07:27:16Z">
      <class name="readexcel.Util">
        <test-method status="SKIP" signature="Login(java.lang.String, java.lang.String)[pri:0, instance:readexcel.Util@cb644e]" name="Login" duration-ms="4" started-at="2018-04-27T12:57:16Z" data-provider="readExcelData" finished-at="2018-04-27T12:57:16Z">
          <exception class="java.lang.RuntimeException">
            <message>
              <![CDATA[java.io.IOException: getFileMagic() only operates on streams which support mark(int)]]>
            </message>
            <full-stacktrace>
              <![CDATA[java.lang.RuntimeException: java.io.IOException: getFileMagic() only operates on streams which support mark(int)
	at org.testng.internal.MethodInvocationHelper.invokeMethodNoCheckedException(MethodInvocationHelper.java:49)
	at org.testng.internal.MethodInvocationHelper.invokeDataProvider(MethodInvocationHelper.java:115)
	at org.testng.internal.Parameters.handleParameters(Parameters.java:509)
	at org.testng.internal.Invoker.handleParameters(Invoker.java:1308)
	at org.testng.internal.Invoker.createParameters(Invoker.java:1036)
	at org.testng.internal.Invoker.invokeTestMethods(Invoker.java:1126)
	at org.testng.internal.TestMethodWorker.invokeTestMethods(TestMethodWorker.java:126)
	at org.testng.internal.TestMethodWorker.run(TestMethodWorker.java:109)
	at org.testng.TestRunner.privateRun(TestRunner.java:744)
	at org.testng.TestRunner.run(TestRunner.java:602)
	at org.testng.SuiteRunner.runTest(SuiteRunner.java:380)
	at org.testng.SuiteRunner.runSequentially(SuiteRunner.java:375)
	at org.testng.SuiteRunner.privateRun(SuiteRunner.java:340)
	at org.testng.SuiteRunner.run(SuiteRunner.java:289)
	at org.testng.SuiteRunnerWorker.runSuite(SuiteRunnerWorker.java:52)
	at org.testng.SuiteRunnerWorker.run(SuiteRunnerWorker.java:86)
	at org.testng.TestNG.runSuitesSequentially(TestNG.java:1301)
	at org.testng.TestNG.runSuitesLocally(TestNG.java:1226)
	at org.testng.TestNG.runSuites(TestNG.java:1144)
	at org.testng.TestNG.run(TestNG.java:1115)
	at org.testng.remote.AbstractRemoteTestNG.run(AbstractRemoteTestNG.java:114)
	at org.testng.remote.RemoteTestNG.initAndRun(RemoteTestNG.java:251)
	at org.testng.remote.RemoteTestNG.main(RemoteTestNG.java:77)
Caused by: java.io.IOException: getFileMagic() only operates on streams which support mark(int)
	at org.apache.poi.poifs.filesystem.FileMagic.valueOf(FileMagic.java:131)
	at org.apache.poi.poifs.filesystem.NPOIFSFileSystem.hasPOIFSHeader(NPOIFSFileSystem.java:370)
	at org.apache.poi.ss.usermodel.WorkbookFactory.create(WorkbookFactory.java:59)
	at readexcel.Util.getTestData(Util.java:27)
	at readexcel.ReadExcelTestCase.readExcelData(ReadExcelTestCase.java:42)
	at sun.reflect.NativeMethodAccessorImpl.invoke0(Native Method)
	at sun.reflect.NativeMethodAccessorImpl.invoke(NativeMethodAccessorImpl.java:62)
	at sun.reflect.DelegatingMethodAccessorImpl.invoke(DelegatingMethodAccessorImpl.java:43)
	at java.lang.reflect.Method.invoke(Method.java:497)
	at org.testng.internal.MethodInvocationHelper.invokeMethod(MethodInvocationHelper.java:108)
	at org.testng.internal.MethodInvocationHelper.invokeMethod(MethodInvocationHelper.java:55)
	at org.testng.internal.MethodInvocationHelper.invokeMethodNoCheckedException(MethodInvocationHelper.java:45)
	... 22 more
]]>
            </full-stacktrace>
          </exception> <!-- java.lang.RuntimeException -->
          <reporter-output>
          </reporter-output>
        </test-method> <!-- Login -->
      </class> <!-- readexcel.Util -->
    </test> <!-- Default test -->
  </suite> <!-- Default suite -->
</testng-results>
